Running: C:\Xilinx\14.6\ISE_DS\ISE\bin\nt64\unwrapped\fuse.exe -intstyle ise -incremental -lib unisims_ver -lib unimacro_ver -lib xilinxcorelib_ver -lib secureip -o C:/Users/152/Documents/MeghaCalvin/Lab4/ttt_test_isim_beh.exe -prj C:/Users/152/Documents/MeghaCalvin/Lab4/ttt_test_beh.prj work.ttt_test work.glbl 
ISim P.68d (signature 0x7708f090)
Number of CPUs detected in this system: 2
Turning on mult-threading, number of parallel sub-compilation jobs: 4 
Determining compilation order of HDL files
Analyzing Verilog file "C:/Users/152/Documents/MeghaCalvin/Lab4/vga.v" into library work
Analyzing Verilog file "C:/Users/152/Documents/MeghaCalvin/Lab4/renderer.v" into library work
Analyzing Verilog file "C:/Users/152/Documents/MeghaCalvin/Lab4/gamecontroller.v" into library work
Analyzing Verilog file "C:/Users/152/Documents/MeghaCalvin/Lab4/clk50.v" into library work
Analyzing Verilog file "C:/Users/152/Documents/MeghaCalvin/Lab4/ttt.v" into library work
Analyzing Verilog file "C:/Users/152/Documents/MeghaCalvin/Lab4/ttt_test.v" into library work
Analyzing Verilog file "C:/Xilinx/14.6/ISE_DS/ISE//verilog/src/glbl.v" into library work
Starting static elaboration
Completed static elaboration
Compiling module clk50
Compiling module vga
Compiling module gamecontroller
Compiling module renderer
Compiling module ttt
Compiling module ttt_test
Compiling module glbl
Time Resolution for simulation is 1ps.
Waiting for 5 sub-compilation(s) to finish...
Compiled 7 Verilog Units
Built simulation executable C:/Users/152/Documents/MeghaCalvin/Lab4/ttt_test_isim_beh.exe
Fuse Memory Usage: 27124 KB
Fuse CPU Usage: 577 ms
