--------------------------------------------------------------------------------
Release 14.6 Trace  (nt64)
Copyright (c) 1995-2013 Xilinx, Inc.  All rights reserved.

C:\Xilinx\14.6\ISE_DS\ISE\bin\nt64\unwrapped\trce.exe -intstyle ise -v 3 -s 3
-n 3 -fastpaths -xml ttt.twx ttt.ncd -o ttt.twr ttt.pcf -ucf nexys3.ucf

Design file:              ttt.ncd
Physical constraint file: ttt.pcf
Device,package,speed:     xc6slx16,csg324,C,-3 (PRODUCTION 1.23 2013-06-08)
Report level:             verbose report

Environment Variable      Effect 
--------------------      ------ 
NONE                      No environment variables were set
--------------------------------------------------------------------------------

INFO:Timing:3412 - To improve timing, see the Timing Closure User Guide (UG612).
INFO:Timing:2752 - To get complete path coverage, use the unconstrained paths 
   option. All paths that are not constrained will be reported in the 
   unconstrained paths section(s) of the report.
INFO:Timing:3339 - The clock-to-out numbers in this timing report are based on 
   a 50 Ohm transmission line loading model.  For the details of this model, 
   and for more information on accounting for different loading conditions, 
   please see the device datasheet.

================================================================================
Timing constraint: TS_sys_clk_pin = PERIOD TIMEGRP "sys_clk_pin" 100 MHz HIGH 
50%;
For more information, see Period Analysis in the Timing Closure User Guide (UG612).

 3 paths analyzed, 3 endpoints analyzed, 0 failing endpoints
 0 timing errors detected. (0 setup errors, 0 hold errors, 0 component switching limit errors)
 Minimum period is   1.730ns.
--------------------------------------------------------------------------------

Paths for end point clk50/count_1 (SLICE_X18Y33.B2), 1 path
--------------------------------------------------------------------------------
Slack (setup path):     8.770ns (requirement - (data path - clock path skew + uncertainty))
  Source:               clk50/count_0 (FF)
  Destination:          clk50/count_1 (FF)
  Requirement:          10.000ns
  Data Path Delay:      1.195ns (Levels of Logic = 1)
  Clock Path Skew:      0.000ns
  Source Clock:         clk_BUFGP rising at 0.000ns
  Destination Clock:    clk_BUFGP rising at 10.000ns
  Clock Uncertainty:    0.035ns

  Clock Uncertainty:          0.035ns  ((TSJ^2 + TIJ^2)^1/2 + DJ) / 2 + PE
    Total System Jitter (TSJ):  0.070ns
    Total Input Jitter (TIJ):   0.000ns
    Discrete Jitter (DJ):       0.000ns
    Phase Error (PE):           0.000ns

  Maximum Data Path at Slow Process Corner: clk50/count_0 to clk50/count_1
    Location             Delay type         Delay(ns)  Physical Resource
                                                       Logical Resource(s)
    -------------------------------------------------  -------------------
    SLICE_X18Y33.AQ      Tcko                  0.447   clk50/count<1>
                                                       clk50/count_0
    SLICE_X18Y33.B2      net (fanout=2)        0.459   clk50/count<0>
    SLICE_X18Y33.CLK     Tas                   0.289   clk50/count<1>
                                                       clk50/Mcount_count_xor<1>11
                                                       clk50/count_1
    -------------------------------------------------  ---------------------------
    Total                                      1.195ns (0.736ns logic, 0.459ns route)
                                                       (61.6% logic, 38.4% route)

--------------------------------------------------------------------------------

Paths for end point clk50/count_1 (SLICE_X18Y33.B5), 1 path
--------------------------------------------------------------------------------
Slack (setup path):     9.034ns (requirement - (data path - clock path skew + uncertainty))
  Source:               clk50/count_1 (FF)
  Destination:          clk50/count_1 (FF)
  Requirement:          10.000ns
  Data Path Delay:      0.931ns (Levels of Logic = 1)
  Clock Path Skew:      0.000ns
  Source Clock:         clk_BUFGP rising at 0.000ns
  Destination Clock:    clk_BUFGP rising at 10.000ns
  Clock Uncertainty:    0.035ns

  Clock Uncertainty:          0.035ns  ((TSJ^2 + TIJ^2)^1/2 + DJ) / 2 + PE
    Total System Jitter (TSJ):  0.070ns
    Total Input Jitter (TIJ):   0.000ns
    Discrete Jitter (DJ):       0.000ns
    Phase Error (PE):           0.000ns

  Maximum Data Path at Slow Process Corner: clk50/count_1 to clk50/count_1
    Location             Delay type         Delay(ns)  Physical Resource
                                                       Logical Resource(s)
    -------------------------------------------------  -------------------
    SLICE_X18Y33.BQ      Tcko                  0.447   clk50/count<1>
                                                       clk50/count_1
    SLICE_X18Y33.B5      net (fanout=2)        0.195   clk50/count<1>
    SLICE_X18Y33.CLK     Tas                   0.289   clk50/count<1>
                                                       clk50/Mcount_count_xor<1>11
                                                       clk50/count_1
    -------------------------------------------------  ---------------------------
    Total                                      0.931ns (0.736ns logic, 0.195ns route)
                                                       (79.1% logic, 20.9% route)

--------------------------------------------------------------------------------

Paths for end point clk50/count_0 (SLICE_X18Y33.A6), 1 path
--------------------------------------------------------------------------------
Slack (setup path):     9.104ns (requirement - (data path - clock path skew + uncertainty))
  Source:               clk50/count_0 (FF)
  Destination:          clk50/count_0 (FF)
  Requirement:          10.000ns
  Data Path Delay:      0.861ns (Levels of Logic = 1)
  Clock Path Skew:      0.000ns
  Source Clock:         clk_BUFGP rising at 0.000ns
  Destination Clock:    clk_BUFGP rising at 10.000ns
  Clock Uncertainty:    0.035ns

  Clock Uncertainty:          0.035ns  ((TSJ^2 + TIJ^2)^1/2 + DJ) / 2 + PE
    Total System Jitter (TSJ):  0.070ns
    Total Input Jitter (TIJ):   0.000ns
    Discrete Jitter (DJ):       0.000ns
    Phase Error (PE):           0.000ns

  Maximum Data Path at Slow Process Corner: clk50/count_0 to clk50/count_0
    Location             Delay type         Delay(ns)  Physical Resource
                                                       Logical Resource(s)
    -------------------------------------------------  -------------------
    SLICE_X18Y33.AQ      Tcko                  0.447   clk50/count<1>
                                                       clk50/count_0
    SLICE_X18Y33.A6      net (fanout=2)        0.125   clk50/count<0>
    SLICE_X18Y33.CLK     Tas                   0.289   clk50/count<1>
                                                       clk50/Mcount_count_xor<0>11_INV_0
                                                       clk50/count_0
    -------------------------------------------------  ---------------------------
    Total                                      0.861ns (0.736ns logic, 0.125ns route)
                                                       (85.5% logic, 14.5% route)

--------------------------------------------------------------------------------

Hold Paths: TS_sys_clk_pin = PERIOD TIMEGRP "sys_clk_pin" 100 MHz HIGH 50%;
--------------------------------------------------------------------------------

Paths for end point clk50/count_0 (SLICE_X18Y33.A6), 1 path
--------------------------------------------------------------------------------
Slack (hold path):      0.454ns (requirement - (clock path skew + uncertainty - data path))
  Source:               clk50/count_0 (FF)
  Destination:          clk50/count_0 (FF)
  Requirement:          0.000ns
  Data Path Delay:      0.454ns (Levels of Logic = 1)
  Clock Path Skew:      0.000ns
  Source Clock:         clk_BUFGP rising at 10.000ns
  Destination Clock:    clk_BUFGP rising at 10.000ns
  Clock Uncertainty:    0.000ns

  Minimum Data Path at Fast Process Corner: clk50/count_0 to clk50/count_0
    Location             Delay type         Delay(ns)  Physical Resource
                                                       Logical Resource(s)
    -------------------------------------------------  -------------------
    SLICE_X18Y33.AQ      Tcko                  0.234   clk50/count<1>
                                                       clk50/count_0
    SLICE_X18Y33.A6      net (fanout=2)        0.023   clk50/count<0>
    SLICE_X18Y33.CLK     Tah         (-Th)    -0.197   clk50/count<1>
                                                       clk50/Mcount_count_xor<0>11_INV_0
                                                       clk50/count_0
    -------------------------------------------------  ---------------------------
    Total                                      0.454ns (0.431ns logic, 0.023ns route)
                                                       (94.9% logic, 5.1% route)

--------------------------------------------------------------------------------

Paths for end point clk50/count_1 (SLICE_X18Y33.B5), 1 path
--------------------------------------------------------------------------------
Slack (hold path):      0.497ns (requirement - (clock path skew + uncertainty - data path))
  Source:               clk50/count_1 (FF)
  Destination:          clk50/count_1 (FF)
  Requirement:          0.000ns
  Data Path Delay:      0.497ns (Levels of Logic = 1)
  Clock Path Skew:      0.000ns
  Source Clock:         clk_BUFGP rising at 10.000ns
  Destination Clock:    clk_BUFGP rising at 10.000ns
  Clock Uncertainty:    0.000ns

  Minimum Data Path at Fast Process Corner: clk50/count_1 to clk50/count_1
    Location             Delay type         Delay(ns)  Physical Resource
                                                       Logical Resource(s)
    -------------------------------------------------  -------------------
    SLICE_X18Y33.BQ      Tcko                  0.234   clk50/count<1>
                                                       clk50/count_1
    SLICE_X18Y33.B5      net (fanout=2)        0.066   clk50/count<1>
    SLICE_X18Y33.CLK     Tah         (-Th)    -0.197   clk50/count<1>
                                                       clk50/Mcount_count_xor<1>11
                                                       clk50/count_1
    -------------------------------------------------  ---------------------------
    Total                                      0.497ns (0.431ns logic, 0.066ns route)
                                                       (86.7% logic, 13.3% route)

--------------------------------------------------------------------------------

Paths for end point clk50/count_1 (SLICE_X18Y33.B2), 1 path
--------------------------------------------------------------------------------
Slack (hold path):      0.662ns (requirement - (clock path skew + uncertainty - data path))
  Source:               clk50/count_0 (FF)
  Destination:          clk50/count_1 (FF)
  Requirement:          0.000ns
  Data Path Delay:      0.662ns (Levels of Logic = 1)
  Clock Path Skew:      0.000ns
  Source Clock:         clk_BUFGP rising at 10.000ns
  Destination Clock:    clk_BUFGP rising at 10.000ns
  Clock Uncertainty:    0.000ns

  Minimum Data Path at Fast Process Corner: clk50/count_0 to clk50/count_1
    Location             Delay type         Delay(ns)  Physical Resource
                                                       Logical Resource(s)
    -------------------------------------------------  -------------------
    SLICE_X18Y33.AQ      Tcko                  0.234   clk50/count<1>
                                                       clk50/count_0
    SLICE_X18Y33.B2      net (fanout=2)        0.231   clk50/count<0>
    SLICE_X18Y33.CLK     Tah         (-Th)    -0.197   clk50/count<1>
                                                       clk50/Mcount_count_xor<1>11
                                                       clk50/count_1
    -------------------------------------------------  ---------------------------
    Total                                      0.662ns (0.431ns logic, 0.231ns route)
                                                       (65.1% logic, 34.9% route)

--------------------------------------------------------------------------------

Component Switching Limit Checks: TS_sys_clk_pin = PERIOD TIMEGRP "sys_clk_pin" 100 MHz HIGH 50%;
--------------------------------------------------------------------------------
Slack: 8.270ns (period - min period limit)
  Period: 10.000ns
  Min period limit: 1.730ns (578.035MHz) (Tbcper_I)
  Physical resource: clk_BUFGP/BUFG/I0
  Logical resource: clk_BUFGP/BUFG/I0
  Location pin: BUFGMUX_X3Y13.I0
  Clock network: clk_BUFGP/IBUFG
--------------------------------------------------------------------------------
Slack: 8.361ns (period - min period limit)
  Period: 10.000ns
  Min period limit: 1.639ns (610.128MHz) (Tockper)
  Physical resource: renderer/GREEN<0>/CLK0
  Logical resource: renderer/GREEN_0/CK0
  Location pin: OLOGIC_X5Y0.CLK0
  Clock network: clk_BUFGP
--------------------------------------------------------------------------------
Slack: 8.361ns (period - min period limit)
  Period: 10.000ns
  Min period limit: 1.639ns (610.128MHz) (Tockper)
  Physical resource: renderer/GREEN_0_2/CLK0
  Logical resource: renderer/GREEN_0_2/CK0
  Location pin: OLOGIC_X5Y3.CLK0
  Clock network: clk_BUFGP
--------------------------------------------------------------------------------


All constraints were met.


Data Sheet report:
-----------------
All values displayed in nanoseconds (ns)

Clock to Setup on destination clock clk
---------------+---------+---------+---------+---------+
               | Src:Rise| Src:Fall| Src:Rise| Src:Fall|
Source Clock   |Dest:Rise|Dest:Rise|Dest:Fall|Dest:Fall|
---------------+---------+---------+---------+---------+
clk            |    1.230|         |         |         |
---------------+---------+---------+---------+---------+


Timing summary:
---------------

Timing errors: 0  Score: 0  (Setup/Max: 0, Hold: 0)

Constraints cover 3 paths, 0 nets, and 5 connections

Design statistics:
   Minimum period:   1.730ns{1}   (Maximum frequency: 578.035MHz)


------------------------------------Footnotes-----------------------------------
1)  The minimum period statistic assumes all single cycle delays.

Analysis completed Mon Jun 01 13:31:31 2015 
--------------------------------------------------------------------------------

Trace Settings:
-------------------------
Trace Settings 

Peak Memory Usage: 215 MB



