Release 14.6 - xst P.68d (nt64)
Copyright (c) 1995-2013 Xilinx, Inc.  All rights reserved.
--> Parameter TMPDIR set to xst/projnav.tmp


Total REAL time to Xst completion: 0.00 secs
Total CPU time to Xst completion: 0.12 secs
 
--> Parameter xsthdpdir set to xst


Total REAL time to Xst completion: 0.00 secs
Total CPU time to Xst completion: 0.12 secs
 
--> Reading design: sign_magnitude_converter.prj

TABLE OF CONTENTS
  1) Synthesis Options Summary
  2) HDL Parsing
  3) HDL Elaboration
  4) HDL Synthesis
       4.1) HDL Synthesis Report
  5) Advanced HDL Synthesis
       5.1) Advanced HDL Synthesis Report
  6) Low Level Synthesis
  7) Partition Report
  8) Design Summary
       8.1) Primitive and Black Box Usage
       8.2) Device utilization summary
       8.3) Partition Resource Summary
       8.4) Timing Report
            8.4.1) Clock Information
            8.4.2) Asynchronous Control Signals Information
            8.4.3) Timing Summary
            8.4.4) Timing Details
            8.4.5) Cross Clock Domains Report


=========================================================================
*                      Synthesis Options Summary                        *
=========================================================================
---- Source Parameters
Input File Name                    : "sign_magnitude_converter.prj"
Ignore Synthesis Constraint File   : NO

---- Target Parameters
Output File Name                   : "sign_magnitude_converter"
Output Format                      : NGC
Target Device                      : xc6slx16-3-csg324

---- Source Options
Top Module Name                    : sign_magnitude_converter
Automatic FSM Extraction           : YES
FSM Encoding Algorithm             : Auto
Safe Implementation                : No
FSM Style                          : LUT
RAM Extraction                     : Yes
RAM Style                          : Auto
ROM Extraction                     : Yes
Shift Register Extraction          : YES
ROM Style                          : Auto
Resource Sharing                   : YES
Asynchronous To Synchronous        : NO
Shift Register Minimum Size        : 2
Use DSP Block                      : Auto
Automatic Register Balancing       : No

---- Target Options
LUT Combining                      : Auto
Reduce Control Sets                : Auto
Add IO Buffers                     : YES
Global Maximum Fanout              : 100000
Add Generic Clock Buffer(BUFG)     : 16
Register Duplication               : YES
Optimize Instantiated Primitives   : NO
Use Clock Enable                   : Auto
Use Synchronous Set                : Auto
Use Synchronous Reset              : Auto
Pack IO Registers into IOBs        : Auto
Equivalent register Removal        : YES

---- General Options
Optimization Goal                  : Speed
Optimization Effort                : 1
Power Reduction                    : NO
Keep Hierarchy                     : No
Netlist Hierarchy                  : As_Optimized
RTL Output                         : Yes
Global Optimization                : AllClockNets
Read Cores                         : YES
Write Timing Constraints           : NO
Cross Clock Analysis               : NO
Hierarchy Separator                : /
Bus Delimiter                      : <>
Case Specifier                     : Maintain
Slice Utilization Ratio            : 100
BRAM Utilization Ratio             : 100
DSP48 Utilization Ratio            : 100
Auto BRAM Packing                  : NO
Slice Utilization Ratio Delta      : 5

=========================================================================


=========================================================================
*                          HDL Parsing                                  *
=========================================================================
Analyzing Verilog file "C:\Users\152\Documents\MeghaCalvin\Lab2\sign_magnitude_converter.v" into library work
Parsing module <sign_magnitude_converter>.

=========================================================================
*                            HDL Elaboration                            *
=========================================================================

Elaborating module <sign_magnitude_converter>.
WARNING:HDLCompiler:413 - "C:\Users\152\Documents\MeghaCalvin\Lab2\sign_magnitude_converter.v" Line 36: Result of 32-bit expression is truncated to fit in 12-bit target.
WARNING:HDLCompiler:413 - "C:\Users\152\Documents\MeghaCalvin\Lab2\sign_magnitude_converter.v" Line 50: Result of 32-bit expression is truncated to fit in 3-bit target.
WARNING:HDLCompiler:413 - "C:\Users\152\Documents\MeghaCalvin\Lab2\sign_magnitude_converter.v" Line 62: Result of 4-bit expression is truncated to fit in 3-bit target.
WARNING:HDLCompiler:413 - "C:\Users\152\Documents\MeghaCalvin\Lab2\sign_magnitude_converter.v" Line 66: Result of 5-bit expression is truncated to fit in 4-bit target.

=========================================================================
*                           HDL Synthesis                               *
=========================================================================

Synthesizing Unit <sign_magnitude_converter>.
    Related source file is "C:\Users\152\Documents\MeghaCalvin\Lab2\sign_magnitude_converter.v".
    Found 32-bit adder for signal <n0065> created at line 36.
    Found 3-bit adder for signal <GND_1_o_GND_1_o_add_33_OUT> created at line 62.
    Found 4-bit adder for signal <D[11]_GND_1_o_add_36_OUT> created at line 66.
    Found 3-bit subtractor for signal <GND_1_o_GND_1_o_sub_30_OUT<2:0>> created at line 50.
    Found 3-bit comparator greater for signal <GND_1_o_PWR_1_o_LessThan_33_o> created at line 59
    Summary:
	inferred   4 Adder/Subtractor(s).
	inferred   1 Comparator(s).
	inferred  25 Multiplexer(s).
Unit <sign_magnitude_converter> synthesized.

=========================================================================
HDL Synthesis Report

Macro Statistics
# Adders/Subtractors                                   : 4
 3-bit adder                                           : 1
 3-bit subtractor                                      : 1
 32-bit adder                                          : 1
 4-bit adder                                           : 1
# Comparators                                          : 1
 3-bit comparator greater                              : 1
# Multiplexers                                         : 25
 12-bit 2-to-1 multiplexer                             : 9
 3-bit 2-to-1 multiplexer                              : 5
 4-bit 2-to-1 multiplexer                              : 11
# Xors                                                 : 1
 32-bit xor2                                           : 1

=========================================================================

=========================================================================
*                       Advanced HDL Synthesis                          *
=========================================================================


=========================================================================
Advanced HDL Synthesis Report

Macro Statistics
# Adders/Subtractors                                   : 4
 12-bit adder                                          : 1
 3-bit adder                                           : 1
 3-bit subtractor                                      : 1
 4-bit adder                                           : 1
# Comparators                                          : 1
 3-bit comparator greater                              : 1
# Multiplexers                                         : 25
 12-bit 2-to-1 multiplexer                             : 9
 3-bit 2-to-1 multiplexer                              : 5
 4-bit 2-to-1 multiplexer                              : 11
# Xors                                                 : 1
 32-bit xor2                                           : 1

=========================================================================

=========================================================================
*                         Low Level Synthesis                           *
=========================================================================

Optimizing unit <sign_magnitude_converter> ...

Mapping all equations...
Building and optimizing final netlist ...
Found area constraint ratio of 100 (+ 5) on block sign_magnitude_converter, actual ratio is 1.

Final Macro Processing ...

=========================================================================
Final Register Report

Found no macro
=========================================================================

=========================================================================
*                           Partition Report                            *
=========================================================================

Partition Implementation Status
-------------------------------

  No Partitions were found in this design.

-------------------------------

=========================================================================
*                            Design Summary                             *
=========================================================================

Top Level Output File Name         : sign_magnitude_converter.ngc

Primitive and Black Box Usage:
------------------------------
# BELS                             : 101
#      GND                         : 1
#      INV                         : 11
#      LUT1                        : 1
#      LUT2                        : 1
#      LUT3                        : 11
#      LUT4                        : 3
#      LUT5                        : 12
#      LUT6                        : 35
#      MUXCY                       : 11
#      MUXF7                       : 2
#      VCC                         : 1
#      XORCY                       : 12
# IO Buffers                       : 20
#      IBUF                        : 12
#      OBUF                        : 8

Device utilization summary:
---------------------------

Selected Device : 6slx16csg324-3 


Slice Logic Utilization: 
 Number of Slice LUTs:                   74  out of   9112     0%  
    Number used as Logic:                74  out of   9112     0%  

Slice Logic Distribution: 
 Number of LUT Flip Flop pairs used:     74
   Number with an unused Flip Flop:      74  out of     74   100%  
   Number with an unused LUT:             0  out of     74     0%  
   Number of fully used LUT-FF pairs:     0  out of     74     0%  
   Number of unique control sets:         0

IO Utilization: 
 Number of IOs:                          20
 Number of bonded IOBs:                  20  out of    232     8%  

Specific Feature Utilization:

---------------------------
Partition Resource Summary:
---------------------------

  No Partitions were found in this design.

---------------------------


=========================================================================
Timing Report

NOTE: THESE TIMING NUMBERS ARE ONLY A SYNTHESIS ESTIMATE.
      FOR ACCURATE TIMING INFORMATION PLEASE REFER TO THE TRACE REPORT
      GENERATED AFTER PLACE-and-ROUTE.

Clock Information:
------------------
No clock signals found in this design

Asynchronous Control Signals Information:
----------------------------------------
No asynchronous control signals found in this design

Timing Summary:
---------------
Speed Grade: -3

   Minimum period: No path found
   Minimum input arrival time before clock: No path found
   Maximum output required time after clock: No path found
   Maximum combinational path delay: 14.452ns

Timing Details:
---------------
All values displayed in nanoseconds (ns)

=========================================================================
Timing constraint: Default path analysis
  Total number of paths / destination ports: 24796 / 8
-------------------------------------------------------------------------
Delay:               14.452ns (Levels of Logic = 11)
  Source:            D<11> (PAD)
  Destination:       F<2> (PAD)

  Data Path: D<11> to F<2>
                                Gate     Net
    Cell:in->out      fanout   Delay   Delay  Logical Name (Net Name)
    ----------------------------------------  ------------
     IBUF:I->O            30   1.222   1.263  D_11_IBUF (S_OBUF)
     INV:I->O              0   0.206   0.000  Mxor_n0104_11_xo<0>1_INV_0 (n0104<11>)
     XORCY:LI->O           7   0.136   0.878  Madd_n0065_Madd_xor<11> (n0065<11>)
     LUT4:I2->O            6   0.203   1.089  D[11]_D[11]_OR_1_o1 (D[11]_D[11]_OR_1_o)
     LUT6:I1->O            5   0.203   1.079  D[11]_D[11]_OR_4_o1 (D[11]_D[11]_OR_4_o)
     LUT6:I0->O            6   0.203   1.109  GND_1_o_GND_1_o_equal_29_o<3>11 (GND_1_o_GND_1_o_equal_29_o<3>1)
     LUT6:I0->O            6   0.203   0.973  Mmux_magnitude225 (Madd_D[11]_GND_1_o_add_36_OUT_cy<0>)
     LUT4:I1->O            4   0.205   0.931  GND_1_o_GND_1_o_equal_32_o<11>1 (GND_1_o_GND_1_o_equal_32_o)
     LUT6:I2->O            3   0.203   0.995  Mmux_D[11]_D[11]_mux_39_OUT141 (Mmux_D[11]_D[11]_mux_39_OUT14)
     LUT6:I1->O            1   0.203   0.579  Mmux_E131 (F_2_OBUF)
     OBUF:I->O                 2.571          F_2_OBUF (F<2>)
    ----------------------------------------
    Total                     14.452ns (5.558ns logic, 8.894ns route)
                                       (38.5% logic, 61.5% route)

=========================================================================

Cross Clock Domains Report:
--------------------------

=========================================================================


Total REAL time to Xst completion: 9.00 secs
Total CPU time to Xst completion: 9.15 secs
 
--> 

Total memory usage is 256696 kilobytes

Number of errors   :    0 (   0 filtered)
Number of warnings :    4 (   0 filtered)
Number of infos    :    0 (   0 filtered)

